[0m16:56:40.659421 [debug] [MainThread]: Sending event: {'category': 'dbt', 'action': 'invocation', 'label': 'start', 'context': [<snowplow_tracker.self_describing_json.SelfDescribingJson object at 0x7d5c17933ce0>, <snowplow_tracker.self_describing_json.SelfDescribingJson object at 0x7d5c177ed940>, <snowplow_tracker.self_describing_json.SelfDescribingJson object at 0x7d5c18558380>]}


============================== 16:56:40.662435 | 2dcb34a8-29d0-42fd-b989-fc69843bc717 ==============================
[0m16:56:40.662435 [info ] [MainThread]: Running with dbt=1.8.4
[0m16:56:40.663041 [debug] [MainThread]: running dbt with arguments {'printer_width': '80', 'indirect_selection': 'eager', 'log_cache_events': 'False', 'write_json': 'True', 'partial_parse': 'True', 'cache_selected_only': 'False', 'warn_error': 'None', 'fail_fast': 'False', 'debug': 'False', 'log_path': 'logs', 'profiles_dir': '/home/cyril/.dbt', 'version_check': 'True', 'use_colors': 'True', 'use_experimental_parser': 'False', 'empty': 'None', 'quiet': 'False', 'no_print': 'None', 'log_format': 'default', 'static_parser': 'True', 'invocation_command': 'dbt init', 'warn_error_options': 'WarnErrorOptions(include=[], exclude=[])', 'target_path': 'None', 'introspect': 'True', 'send_anonymous_usage_stats': 'True'}
[0m16:57:20.504706 [debug] [MainThread]: Starter project path: /home/cyril/Documents/vscode_project/snapshot_practice/.venv/lib/python3.12/site-packages/dbt/include/starter_project
[0m16:57:20.508357 [info ] [MainThread]: 
Your new dbt project "scd_snapshot" was created!

For more information on how to configure the profiles.yml file,
please consult the dbt documentation here:

  https://docs.getdbt.com/docs/configure-your-profile

One more thing:

Need help? Don't hesitate to reach out to us via GitHub issues or on Slack:

  https://community.getdbt.com/

Happy modeling!

[0m16:57:20.508911 [info ] [MainThread]: Setting up your profile.
[0m16:57:25.381954 [debug] [MainThread]: Resource report: {"command_name": "init", "command_success": true, "command_wall_clock_time": 44.78821, "process_user_time": 1.339493, "process_kernel_time": 0.144945, "process_mem_max_rss": "112460", "process_in_blocks": "48", "process_out_blocks": "80"}
[0m16:57:25.382656 [debug] [MainThread]: Command `dbt init` succeeded at 16:57:25.382522 after 44.79 seconds
[0m16:57:25.383128 [debug] [MainThread]: Sending event: {'category': 'dbt', 'action': 'invocation', 'label': 'end', 'context': [<snowplow_tracker.self_describing_json.SelfDescribingJson object at 0x7d5c17406cf0>, <snowplow_tracker.self_describing_json.SelfDescribingJson object at 0x7d5c17580320>, <snowplow_tracker.self_describing_json.SelfDescribingJson object at 0x7d5c177eeed0>]}
[0m16:57:25.383577 [debug] [MainThread]: Flushing usage events
[0m17:02:54.965026 [debug] [MainThread]: Sending event: {'category': 'dbt', 'action': 'invocation', 'label': 'start', 'context': [<snowplow_tracker.self_describing_json.SelfDescribingJson object at 0x7f893eddb590>, <snowplow_tracker.self_describing_json.SelfDescribingJson object at 0x7f893f73d280>, <snowplow_tracker.self_describing_json.SelfDescribingJson object at 0x7f893f51a600>]}


============================== 17:02:54.968167 | 31475249-1670-4a59-8729-7e2742b7ff63 ==============================
[0m17:02:54.968167 [info ] [MainThread]: Running with dbt=1.8.4
[0m17:02:54.968779 [debug] [MainThread]: running dbt with arguments {'printer_width': '80', 'indirect_selection': 'eager', 'write_json': 'True', 'log_cache_events': 'False', 'partial_parse': 'True', 'cache_selected_only': 'False', 'warn_error': 'None', 'version_check': 'True', 'fail_fast': 'False', 'log_path': 'logs', 'debug': 'False', 'profiles_dir': '/home/cyril/.dbt', 'use_colors': 'True', 'use_experimental_parser': 'False', 'empty': 'None', 'quiet': 'False', 'no_print': 'None', 'warn_error_options': 'WarnErrorOptions(include=[], exclude=[])', 'invocation_command': 'dbt test', 'log_format': 'default', 'introspect': 'True', 'target_path': 'None', 'static_parser': 'True', 'send_anonymous_usage_stats': 'True'}
[0m17:02:54.969338 [error] [MainThread]: Encountered an error:
Runtime Error
  No dbt_project.yml found at expected path /home/cyril/Documents/vscode_project/snapshot_practice/dbt_project.yml
  Verify that each entry within packages.yml (and their transitive dependencies) contains a file named dbt_project.yml
  
[0m17:02:54.970206 [debug] [MainThread]: Resource report: {"command_name": "test", "command_wall_clock_time": 0.05521548, "process_user_time": 1.205079, "process_kernel_time": 0.133897, "process_mem_max_rss": "85976", "process_out_blocks": "16", "command_success": false, "process_in_blocks": "0"}
[0m17:02:54.970838 [debug] [MainThread]: Command `dbt test` failed at 17:02:54.970737 after 0.06 seconds
[0m17:02:54.971287 [debug] [MainThread]: Sending event: {'category': 'dbt', 'action': 'invocation', 'label': 'end', 'context': [<snowplow_tracker.self_describing_json.SelfDescribingJson object at 0x7f893eebbf80>, <snowplow_tracker.self_describing_json.SelfDescribingJson object at 0x7f893f73d280>, <snowplow_tracker.self_describing_json.SelfDescribingJson object at 0x7f893f96dee0>]}
[0m17:02:54.971720 [debug] [MainThread]: Flushing usage events
